  [1m[36m (0.9ms)[0m  [1mCREATE TABLE "schema_migrations" ("version" varchar(255) NOT NULL) [0m
  [1m[35m (0.9ms)[0m  CREATE UNIQUE INDEX "unique_schema_migrations" ON "schema_migrations" ("version")
  [1m[36mActiveRecord::SchemaMigration Load (0.1ms)[0m  [1mSELECT "schema_migrations".* FROM "schema_migrations"[0m
Migrating to CreateListpages (20140819062525)
  [1m[35m (0.0ms)[0m  begin transaction
  [1m[36m (0.4ms)[0m  [1mCREATE TABLE "listpages" ("id" INTEGER PRIMARY KEY AUTOINCREMENT NOT NULL, "name" text, "url" text, "paging_parameter" text, "paging_max" integer, "paging_add" integer, "link_get_tag" text, "link_get_attribute" text, "link_get_value" text, "keyword" text, "details_pages" text, "csvname" varchar(255), "created_at" datetime, "updated_at" datetime) [0m
  [1m[35mSQL (0.2ms)[0m  INSERT INTO "schema_migrations" ("version") VALUES (?)  [["version", "20140819062525"]]
  [1m[36m (0.7ms)[0m  [1mcommit transaction[0m
  [1m[35mActiveRecord::SchemaMigration Load (0.1ms)[0m  SELECT "schema_migrations".* FROM "schema_migrations"


Started GET "/" for 127.0.0.1 at 2014-08-19 15:26:01 +0900
  [1m[36mActiveRecord::SchemaMigration Load (0.1ms)[0m  [1mSELECT "schema_migrations".* FROM "schema_migrations"[0m
Processing by Rails::WelcomeController#index as HTML
  Rendered /Library/Ruby/Gems/2.0.0/gems/railties-4.0.5/lib/rails/templates/rails/welcome/index.html.erb (1.7ms)
Completed 200 OK in 30ms (Views: 8.6ms | ActiveRecord: 0.0ms)


Started GET "/route" for 127.0.0.1 at 2014-08-19 15:26:09 +0900

ActionController::RoutingError (No route matches [GET] "/route"):
  actionpack (4.0.5) lib/action_dispatch/middleware/debug_exceptions.rb:21:in `call'
  actionpack (4.0.5) lib/action_dispatch/middleware/show_exceptions.rb:30:in `call'
  railties (4.0.5) lib/rails/rack/logger.rb:38:in `call_app'
  railties (4.0.5) lib/rails/rack/logger.rb:20:in `block in call'
  activesupport (4.0.5) lib/active_support/tagged_logging.rb:68:in `block in tagged'
  activesupport (4.0.5) lib/active_support/tagged_logging.rb:26:in `tagged'
  activesupport (4.0.5) lib/active_support/tagged_logging.rb:68:in `tagged'
  railties (4.0.5) lib/rails/rack/logger.rb:20:in `call'
  actionpack (4.0.5) lib/action_dispatch/middleware/request_id.rb:21:in `call'
  rack (1.5.2) lib/rack/methodoverride.rb:21:in `call'
  rack (1.5.2) lib/rack/runtime.rb:17:in `call'
  activesupport (4.0.5) lib/active_support/cache/strategy/local_cache.rb:83:in `call'
  rack (1.5.2) lib/rack/lock.rb:17:in `call'
  actionpack (4.0.5) lib/action_dispatch/middleware/static.rb:64:in `call'
  rack (1.5.2) lib/rack/sendfile.rb:112:in `call'
  railties (4.0.5) lib/rails/engine.rb:511:in `call'
  railties (4.0.5) lib/rails/application.rb:97:in `call'
  rack (1.5.2) lib/rack/lock.rb:17:in `call'
  rack (1.5.2) lib/rack/content_length.rb:14:in `call'
  rack (1.5.2) lib/rack/handler/webrick.rb:60:in `service'
  /System/Library/Frameworks/Ruby.framework/Versions/2.0/usr/lib/ruby/2.0.0/webrick/httpserver.rb:138:in `service'
  /System/Library/Frameworks/Ruby.framework/Versions/2.0/usr/lib/ruby/2.0.0/webrick/httpserver.rb:94:in `run'
  /System/Library/Frameworks/Ruby.framework/Versions/2.0/usr/lib/ruby/2.0.0/webrick/server.rb:295:in `block in start_thread'


  Rendered /Library/Ruby/Gems/2.0.0/gems/actionpack-4.0.5/lib/action_dispatch/middleware/templates/rescues/_trace.erb (1.0ms)
  Rendered /Library/Ruby/Gems/2.0.0/gems/actionpack-4.0.5/lib/action_dispatch/middleware/templates/routes/_route.html.erb (1.1ms)
  Rendered /Library/Ruby/Gems/2.0.0/gems/actionpack-4.0.5/lib/action_dispatch/middleware/templates/routes/_table.html.erb (5.2ms)
  Rendered /Library/Ruby/Gems/2.0.0/gems/actionpack-4.0.5/lib/action_dispatch/middleware/templates/rescues/routing_error.erb within rescues/layout (26.7ms)


Started GET "/listpages" for 127.0.0.1 at 2014-08-19 15:26:18 +0900
Processing by ListpagesController#index as HTML
  [1m[35mListpage Load (0.2ms)[0m  SELECT "listpages".* FROM "listpages"
  Rendered listpages/index.html.erb within layouts/application (24.4ms)
Completed 200 OK in 588ms (Views: 585.1ms | ActiveRecord: 0.2ms)


Started GET "/assets/listpages.css?body=1" for 127.0.0.1 at 2014-08-19 15:26:19 +0900


Started GET "/assets/application.css?body=1" for 127.0.0.1 at 2014-08-19 15:26:19 +0900


Started GET "/assets/scaffolds.css?body=1" for 127.0.0.1 at 2014-08-19 15:26:19 +0900


Started GET "/assets/listpages.js?body=1" for 127.0.0.1 at 2014-08-19 15:26:19 +0900


Started GET "/assets/application.js?body=1" for 127.0.0.1 at 2014-08-19 15:26:19 +0900


Started GET "/assets/jquery.js?body=1" for 127.0.0.1 at 2014-08-19 15:26:19 +0900


Started GET "/assets/turbolinks.js?body=1" for 127.0.0.1 at 2014-08-19 15:26:19 +0900


Started GET "/assets/jquery_ujs.js?body=1" for 127.0.0.1 at 2014-08-19 15:26:19 +0900


Started GET "/listpages/new" for 127.0.0.1 at 2014-08-19 15:26:24 +0900
Processing by ListpagesController#new as HTML
  Rendered listpages/_form.html.erb (61.7ms)
  Rendered listpages/new.html.erb within layouts/application (63.9ms)
Completed 200 OK in 71ms (Views: 68.6ms | ActiveRecord: 0.5ms)


Started POST "/listpages" for 127.0.0.1 at 2014-08-19 15:28:56 +0900
Processing by ListpagesController#create as HTML
  Parameters: {"utf8"=>"✓", "authenticity_token"=>"3ikoREVDdLVyqIEX+Gf4V7YR9TJfqit0CLK9Se2ucdE=", "listpage"=>{"name"=>"テストサイト", "url"=>"http://present.cocomo.to/search/c1=1", "paging_parameter"=>"page=", "paging_max"=>"100", "paging_add"=>"1", "link_get_tag"=>"div[@class=\"title\"]", "link_get_attribute"=>"href", "link_get_value"=>"", "keyword"=>"search", "details_pages"=>"", "csvname"=>"detailurls"}, "commit"=>"Create Listpage"}
  [1m[36m (0.2ms)[0m  [1mbegin transaction[0m
  [1m[35mSQL (5.0ms)[0m  INSERT INTO "listpages" ("created_at", "csvname", "details_pages", "keyword", "link_get_attribute", "link_get_tag", "link_get_value", "name", "paging_add", "paging_max", "paging_parameter", "updated_at", "url") VALUES (?, ?, ?, ?, ?, ?, ?, ?, ?, ?, ?, ?, ?)  [["created_at", Tue, 19 Aug 2014 06:28:56 UTC +00:00], ["csvname", "detailurls"], ["details_pages", ""], ["keyword", "search"], ["link_get_attribute", "href"], ["link_get_tag", "div[@class=\"title\"]"], ["link_get_value", ""], ["name", "テストサイト"], ["paging_add", 1], ["paging_max", 100], ["paging_parameter", "page="], ["updated_at", Tue, 19 Aug 2014 06:28:56 UTC +00:00], ["url", "http://present.cocomo.to/search/c1=1"]]
  [1m[36m (0.6ms)[0m  [1mcommit transaction[0m
Redirected to http://localhost:3000/listpages/1
Completed 302 Found in 14ms (ActiveRecord: 5.7ms)


Started GET "/listpages/1" for 127.0.0.1 at 2014-08-19 15:28:56 +0900
Processing by ListpagesController#show as HTML
  Parameters: {"id"=>"1"}
  [1m[35mListpage Load (0.2ms)[0m  SELECT "listpages".* FROM "listpages" WHERE "listpages"."id" = ? LIMIT 1  [["id", "1"]]
  Rendered listpages/show.html.erb within layouts/application (1.2ms)
Completed 200 OK in 8ms (Views: 5.3ms | ActiveRecord: 0.2ms)


Started GET "/assets/application.css?body=1" for 127.0.0.1 at 2014-08-19 15:28:56 +0900


Started GET "/assets/listpages.css?body=1" for 127.0.0.1 at 2014-08-19 15:28:56 +0900


Started GET "/assets/scaffolds.css?body=1" for 127.0.0.1 at 2014-08-19 15:28:56 +0900


Started GET "/assets/application.js?body=1" for 127.0.0.1 at 2014-08-19 15:28:56 +0900


Started GET "/assets/listpages.js?body=1" for 127.0.0.1 at 2014-08-19 15:28:56 +0900


Started GET "/listpages" for 127.0.0.1 at 2014-08-19 15:29:00 +0900
Processing by ListpagesController#index as HTML
  [1m[36mListpage Load (0.2ms)[0m  [1mSELECT "listpages".* FROM "listpages"[0m
  Rendered listpages/index.html.erb within layouts/application (3.1ms)
Completed 200 OK in 10ms (Views: 8.9ms | ActiveRecord: 0.2ms)


Started GET "/listpages/1/edit" for 127.0.0.1 at 2014-08-19 15:29:13 +0900
Processing by ListpagesController#edit as HTML
  Parameters: {"id"=>"1"}
  [1m[35mListpage Load (0.2ms)[0m  SELECT "listpages".* FROM "listpages" WHERE "listpages"."id" = ? LIMIT 1  [["id", "1"]]
  Rendered listpages/_form.html.erb (6.6ms)
  Rendered listpages/edit.html.erb within layouts/application (8.8ms)
Completed 200 OK in 18ms (Views: 15.7ms | ActiveRecord: 0.2ms)


Started GET "/" for 127.0.0.1 at 2014-08-19 16:16:20 +0900
  [1m[36mActiveRecord::SchemaMigration Load (0.6ms)[0m  [1mSELECT "schema_migrations".* FROM "schema_migrations"[0m
Processing by Rails::WelcomeController#index as HTML
  Rendered /Users/kawasakikouji/.rvm/gems/ruby-2.0.0-p481@railstutorial_rails_4_0/gems/railties-4.0.5/lib/rails/templates/rails/welcome/index.html.erb (2.1ms)
Completed 200 OK in 51ms (Views: 39.1ms | ActiveRecord: 0.0ms)


Started GET "/listpage" for 127.0.0.1 at 2014-08-19 16:16:34 +0900

ActionController::RoutingError (No route matches [GET] "/listpage"):
  actionpack (4.0.5) lib/action_dispatch/middleware/debug_exceptions.rb:21:in `call'
  actionpack (4.0.5) lib/action_dispatch/middleware/show_exceptions.rb:30:in `call'
  railties (4.0.5) lib/rails/rack/logger.rb:38:in `call_app'
  railties (4.0.5) lib/rails/rack/logger.rb:20:in `block in call'
  activesupport (4.0.5) lib/active_support/tagged_logging.rb:68:in `block in tagged'
  activesupport (4.0.5) lib/active_support/tagged_logging.rb:26:in `tagged'
  activesupport (4.0.5) lib/active_support/tagged_logging.rb:68:in `tagged'
  railties (4.0.5) lib/rails/rack/logger.rb:20:in `call'
  actionpack (4.0.5) lib/action_dispatch/middleware/request_id.rb:21:in `call'
  rack (1.5.2) lib/rack/methodoverride.rb:21:in `call'
  rack (1.5.2) lib/rack/runtime.rb:17:in `call'
  activesupport (4.0.5) lib/active_support/cache/strategy/local_cache.rb:83:in `call'
  rack (1.5.2) lib/rack/lock.rb:17:in `call'
  actionpack (4.0.5) lib/action_dispatch/middleware/static.rb:64:in `call'
  rack (1.5.2) lib/rack/sendfile.rb:112:in `call'
  railties (4.0.5) lib/rails/engine.rb:511:in `call'
  railties (4.0.5) lib/rails/application.rb:97:in `call'
  rack (1.5.2) lib/rack/lock.rb:17:in `call'
  rack (1.5.2) lib/rack/content_length.rb:14:in `call'
  rack (1.5.2) lib/rack/handler/webrick.rb:60:in `service'
  /Users/kawasakikouji/.rvm/rubies/ruby-2.0.0-p481/lib/ruby/2.0.0/webrick/httpserver.rb:138:in `service'
  /Users/kawasakikouji/.rvm/rubies/ruby-2.0.0-p481/lib/ruby/2.0.0/webrick/httpserver.rb:94:in `run'
  /Users/kawasakikouji/.rvm/rubies/ruby-2.0.0-p481/lib/ruby/2.0.0/webrick/server.rb:295:in `block in start_thread'


  Rendered /Users/kawasakikouji/.rvm/gems/ruby-2.0.0-p481@railstutorial_rails_4_0/gems/actionpack-4.0.5/lib/action_dispatch/middleware/templates/rescues/_trace.erb (1.0ms)
  Rendered /Users/kawasakikouji/.rvm/gems/ruby-2.0.0-p481@railstutorial_rails_4_0/gems/actionpack-4.0.5/lib/action_dispatch/middleware/templates/routes/_route.html.erb (1.2ms)
  Rendered /Users/kawasakikouji/.rvm/gems/ruby-2.0.0-p481@railstutorial_rails_4_0/gems/actionpack-4.0.5/lib/action_dispatch/middleware/templates/routes/_table.html.erb (5.4ms)
  Rendered /Users/kawasakikouji/.rvm/gems/ruby-2.0.0-p481@railstutorial_rails_4_0/gems/actionpack-4.0.5/lib/action_dispatch/middleware/templates/rescues/routing_error.erb within rescues/layout (31.1ms)


Started GET "/listpages" for 127.0.0.1 at 2014-08-19 16:16:38 +0900
Processing by ListpagesController#index as HTML
  [1m[35mListpage Load (0.7ms)[0m  SELECT "listpages".* FROM "listpages"
  Rendered listpages/index.html.erb within layouts/application (15.2ms)
Completed 200 OK in 519ms (Views: 514.6ms | ActiveRecord: 1.1ms)


Started GET "/assets/listpages.css?body=1" for 127.0.0.1 at 2014-08-19 16:16:39 +0900


Started GET "/assets/application.css?body=1" for 127.0.0.1 at 2014-08-19 16:16:39 +0900


Started GET "/assets/jquery.js?body=1" for 127.0.0.1 at 2014-08-19 16:16:39 +0900


Started GET "/assets/scaffolds.css?body=1" for 127.0.0.1 at 2014-08-19 16:16:39 +0900


Started GET "/assets/listpages.js?body=1" for 127.0.0.1 at 2014-08-19 16:16:39 +0900


Started GET "/assets/turbolinks.js?body=1" for 127.0.0.1 at 2014-08-19 16:16:39 +0900


Started GET "/assets/jquery_ujs.js?body=1" for 127.0.0.1 at 2014-08-19 16:16:39 +0900


Started GET "/assets/application.js?body=1" for 127.0.0.1 at 2014-08-19 16:16:39 +0900


Started GET "/listpages" for 127.0.0.1 at 2014-08-19 16:19:29 +0900
Processing by ListpagesController#index as HTML
  [1m[36mListpage Load (0.2ms)[0m  [1mSELECT "listpages".* FROM "listpages"[0m
  Rendered listpages/index.html.erb within layouts/application (5.9ms)
Completed 500 Internal Server Error in 9ms

ActionView::Template::Error (undefined method `name' for nil:NilClass):
    42:   </tbody>
    43: </table>
    44: 
    45: <%= @listpage.name %>
    46: 
    47: <br>
    48: 
  app/views/listpages/index.html.erb:45:in `_app_views_listpages_index_html_erb__2145906613107298364_70126520813860'


  Rendered /Users/kawasakikouji/.rvm/gems/ruby-2.0.0-p481@railstutorial_rails_4_0/gems/actionpack-4.0.5/lib/action_dispatch/middleware/templates/rescues/_trace.erb (1.1ms)
  Rendered /Users/kawasakikouji/.rvm/gems/ruby-2.0.0-p481@railstutorial_rails_4_0/gems/actionpack-4.0.5/lib/action_dispatch/middleware/templates/rescues/_request_and_response.erb (1.0ms)
  Rendered /Users/kawasakikouji/.rvm/gems/ruby-2.0.0-p481@railstutorial_rails_4_0/gems/actionpack-4.0.5/lib/action_dispatch/middleware/templates/rescues/template_error.erb within rescues/layout (12.2ms)


Started GET "/listpages" for 127.0.0.1 at 2014-08-19 16:20:00 +0900
Processing by ListpagesController#index as HTML
  [1m[35mListpage Load (0.2ms)[0m  SELECT "listpages".* FROM "listpages"
  Rendered listpages/index.html.erb within layouts/application (2.8ms)
Completed 500 Internal Server Error in 6ms

ActionView::Template::Error (undefined method `name' for nil:NilClass):
    42:   </tbody>
    43: </table>
    44: 
    45: <%= @listpage.name %>
    46: 
    47: <br>
    48: 
  app/views/listpages/index.html.erb:45:in `_app_views_listpages_index_html_erb__2145906613107298364_70126520813860'


  Rendered /Users/kawasakikouji/.rvm/gems/ruby-2.0.0-p481@railstutorial_rails_4_0/gems/actionpack-4.0.5/lib/action_dispatch/middleware/templates/rescues/_trace.erb (1.1ms)
  Rendered /Users/kawasakikouji/.rvm/gems/ruby-2.0.0-p481@railstutorial_rails_4_0/gems/actionpack-4.0.5/lib/action_dispatch/middleware/templates/rescues/_request_and_response.erb (0.9ms)
  Rendered /Users/kawasakikouji/.rvm/gems/ruby-2.0.0-p481@railstutorial_rails_4_0/gems/actionpack-4.0.5/lib/action_dispatch/middleware/templates/rescues/template_error.erb within rescues/layout (10.5ms)


Started GET "/listpages" for 127.0.0.1 at 2014-08-19 16:20:09 +0900
Processing by ListpagesController#index as HTML
  [1m[36mListpage Load (0.2ms)[0m  [1mSELECT "listpages".* FROM "listpages"[0m
  Rendered listpages/index.html.erb within layouts/application (2.9ms)
Completed 200 OK in 32ms (Views: 31.1ms | ActiveRecord: 0.2ms)


Started GET "/assets/scaffolds.css?body=1" for 127.0.0.1 at 2014-08-19 16:20:09 +0900


Started GET "/assets/listpages.css?body=1" for 127.0.0.1 at 2014-08-19 16:20:09 +0900


Started GET "/assets/application.css?body=1" for 127.0.0.1 at 2014-08-19 16:20:09 +0900


Started GET "/assets/listpages.js?body=1" for 127.0.0.1 at 2014-08-19 16:20:09 +0900


Started GET "/assets/jquery.js?body=1" for 127.0.0.1 at 2014-08-19 16:20:09 +0900


Started GET "/assets/application.js?body=1" for 127.0.0.1 at 2014-08-19 16:20:09 +0900


Started GET "/assets/jquery_ujs.js?body=1" for 127.0.0.1 at 2014-08-19 16:20:09 +0900


Started GET "/assets/turbolinks.js?body=1" for 127.0.0.1 at 2014-08-19 16:20:09 +0900


Started GET "/listpages" for 127.0.0.1 at 2014-08-19 16:21:36 +0900
Processing by ListpagesController#index as HTML
  [1m[35mListpage Load (0.2ms)[0m  SELECT "listpages".* FROM "listpages"
  Rendered listpages/index.html.erb within layouts/application (2.0ms)
Completed 200 OK in 43ms (Views: 42.0ms | ActiveRecord: 0.2ms)


Started GET "/assets/application.css?body=1" for 127.0.0.1 at 2014-08-19 16:21:36 +0900


Started GET "/assets/scaffolds.css?body=1" for 127.0.0.1 at 2014-08-19 16:21:36 +0900


Started GET "/assets/listpages.css?body=1" for 127.0.0.1 at 2014-08-19 16:21:36 +0900


Started GET "/assets/jquery_ujs.js?body=1" for 127.0.0.1 at 2014-08-19 16:21:36 +0900


Started GET "/assets/jquery.js?body=1" for 127.0.0.1 at 2014-08-19 16:21:36 +0900


Started GET "/assets/turbolinks.js?body=1" for 127.0.0.1 at 2014-08-19 16:21:36 +0900


Started GET "/assets/application.js?body=1" for 127.0.0.1 at 2014-08-19 16:21:36 +0900


Started GET "/assets/listpages.js?body=1" for 127.0.0.1 at 2014-08-19 16:21:36 +0900


Started GET "/listpages" for 127.0.0.1 at 2014-08-19 16:21:45 +0900
Processing by ListpagesController#index as HTML
  [1m[36mListpage Load (0.3ms)[0m  [1mSELECT "listpages".* FROM "listpages"[0m
  Rendered listpages/index.html.erb within layouts/application (3.2ms)
Completed 200 OK in 9ms (Views: 8.2ms | ActiveRecord: 0.3ms)


Started GET "/assets/scaffolds.css?body=1" for 127.0.0.1 at 2014-08-19 16:21:45 +0900


Started GET "/assets/listpages.css?body=1" for 127.0.0.1 at 2014-08-19 16:21:45 +0900


Started GET "/assets/jquery.js?body=1" for 127.0.0.1 at 2014-08-19 16:21:45 +0900


Started GET "/assets/turbolinks.js?body=1" for 127.0.0.1 at 2014-08-19 16:21:45 +0900


Started GET "/assets/application.css?body=1" for 127.0.0.1 at 2014-08-19 16:21:45 +0900


Started GET "/assets/jquery_ujs.js?body=1" for 127.0.0.1 at 2014-08-19 16:21:45 +0900


Started GET "/assets/listpages.js?body=1" for 127.0.0.1 at 2014-08-19 16:21:45 +0900


Started GET "/assets/application.js?body=1" for 127.0.0.1 at 2014-08-19 16:21:45 +0900


Started GET "/listpages" for 127.0.0.1 at 2014-08-19 16:22:59 +0900
Processing by ListpagesController#index as HTML
  [1m[35mListpage Load (0.2ms)[0m  SELECT "listpages".* FROM "listpages"
  Rendered listpages/index.html.erb within layouts/application (4.6ms)
Completed 500 Internal Server Error in 8ms

ActionView::Template::Error (undefined method `url' for #<ActiveRecord::Relation::ActiveRecord_Relation_Listpage:0x007f8f34c402c8>):
    42:   </tbody>
    43: </table>
    44: 
    45: <%= p @listpages.url %>
    46: 
    47: <br>
    48: 
  app/views/listpages/index.html.erb:45:in `_app_views_listpages_index_html_erb__2145906613107298364_70126521176000'


  Rendered /Users/kawasakikouji/.rvm/gems/ruby-2.0.0-p481@railstutorial_rails_4_0/gems/actionpack-4.0.5/lib/action_dispatch/middleware/templates/rescues/_trace.erb (1.1ms)
  Rendered /Users/kawasakikouji/.rvm/gems/ruby-2.0.0-p481@railstutorial_rails_4_0/gems/actionpack-4.0.5/lib/action_dispatch/middleware/templates/rescues/_request_and_response.erb (0.8ms)
  Rendered /Users/kawasakikouji/.rvm/gems/ruby-2.0.0-p481@railstutorial_rails_4_0/gems/actionpack-4.0.5/lib/action_dispatch/middleware/templates/rescues/template_error.erb within rescues/layout (10.5ms)


Started GET "/listpages" for 127.0.0.1 at 2014-08-19 16:23:09 +0900
Processing by ListpagesController#index as HTML
  [1m[36mListpage Load (0.2ms)[0m  [1mSELECT "listpages".* FROM "listpages"[0m
  Rendered listpages/index.html.erb within layouts/application (4.1ms)
Completed 500 Internal Server Error in 36ms

ActionView::Template::Error (undefined method `url' for nil:NilClass):
    42:   </tbody>
    43: </table>
    44: 
    45: <%= p @listpage.url %>
    46: 
    47: <br>
    48: 
  app/views/listpages/index.html.erb:45:in `_app_views_listpages_index_html_erb__2145906613107298364_70126545886460'


  Rendered /Users/kawasakikouji/.rvm/gems/ruby-2.0.0-p481@railstutorial_rails_4_0/gems/actionpack-4.0.5/lib/action_dispatch/middleware/templates/rescues/_trace.erb (1.1ms)
  Rendered /Users/kawasakikouji/.rvm/gems/ruby-2.0.0-p481@railstutorial_rails_4_0/gems/actionpack-4.0.5/lib/action_dispatch/middleware/templates/rescues/_request_and_response.erb (1.0ms)
  Rendered /Users/kawasakikouji/.rvm/gems/ruby-2.0.0-p481@railstutorial_rails_4_0/gems/actionpack-4.0.5/lib/action_dispatch/middleware/templates/rescues/template_error.erb within rescues/layout (12.1ms)


Started GET "/listpage" for 127.0.0.1 at 2014-08-19 16:23:36 +0900

ActionController::RoutingError (No route matches [GET] "/listpage"):
  actionpack (4.0.5) lib/action_dispatch/middleware/debug_exceptions.rb:21:in `call'
  actionpack (4.0.5) lib/action_dispatch/middleware/show_exceptions.rb:30:in `call'
  railties (4.0.5) lib/rails/rack/logger.rb:38:in `call_app'
  railties (4.0.5) lib/rails/rack/logger.rb:20:in `block in call'
  activesupport (4.0.5) lib/active_support/tagged_logging.rb:68:in `block in tagged'
  activesupport (4.0.5) lib/active_support/tagged_logging.rb:26:in `tagged'
  activesupport (4.0.5) lib/active_support/tagged_logging.rb:68:in `tagged'
  railties (4.0.5) lib/rails/rack/logger.rb:20:in `call'
  actionpack (4.0.5) lib/action_dispatch/middleware/request_id.rb:21:in `call'
  rack (1.5.2) lib/rack/methodoverride.rb:21:in `call'
  rack (1.5.2) lib/rack/runtime.rb:17:in `call'
  activesupport (4.0.5) lib/active_support/cache/strategy/local_cache.rb:83:in `call'
  rack (1.5.2) lib/rack/lock.rb:17:in `call'
  actionpack (4.0.5) lib/action_dispatch/middleware/static.rb:64:in `call'
  rack (1.5.2) lib/rack/sendfile.rb:112:in `call'
  railties (4.0.5) lib/rails/engine.rb:511:in `call'
  railties (4.0.5) lib/rails/application.rb:97:in `call'
  rack (1.5.2) lib/rack/lock.rb:17:in `call'
  rack (1.5.2) lib/rack/content_length.rb:14:in `call'
  rack (1.5.2) lib/rack/handler/webrick.rb:60:in `service'
  /Users/kawasakikouji/.rvm/rubies/ruby-2.0.0-p481/lib/ruby/2.0.0/webrick/httpserver.rb:138:in `service'
  /Users/kawasakikouji/.rvm/rubies/ruby-2.0.0-p481/lib/ruby/2.0.0/webrick/httpserver.rb:94:in `run'
  /Users/kawasakikouji/.rvm/rubies/ruby-2.0.0-p481/lib/ruby/2.0.0/webrick/server.rb:295:in `block in start_thread'


  Rendered /Users/kawasakikouji/.rvm/gems/ruby-2.0.0-p481@railstutorial_rails_4_0/gems/actionpack-4.0.5/lib/action_dispatch/middleware/templates/rescues/_trace.erb (1.0ms)
  Rendered /Users/kawasakikouji/.rvm/gems/ruby-2.0.0-p481@railstutorial_rails_4_0/gems/actionpack-4.0.5/lib/action_dispatch/middleware/templates/routes/_route.html.erb (1.2ms)
  Rendered /Users/kawasakikouji/.rvm/gems/ruby-2.0.0-p481@railstutorial_rails_4_0/gems/actionpack-4.0.5/lib/action_dispatch/middleware/templates/routes/_table.html.erb (1.0ms)
  Rendered /Users/kawasakikouji/.rvm/gems/ruby-2.0.0-p481@railstutorial_rails_4_0/gems/actionpack-4.0.5/lib/action_dispatch/middleware/templates/rescues/routing_error.erb within rescues/layout (18.6ms)


Started GET "/listpages" for 127.0.0.1 at 2014-08-19 16:23:40 +0900
Processing by ListpagesController#index as HTML
  [1m[35mListpage Load (0.3ms)[0m  SELECT "listpages".* FROM "listpages"
  Rendered listpages/index.html.erb within layouts/application (3.6ms)
Completed 200 OK in 42ms (Views: 40.5ms | ActiveRecord: 0.3ms)


Started GET "/assets/scaffolds.css?body=1" for 127.0.0.1 at 2014-08-19 16:23:40 +0900


Started GET "/assets/turbolinks.js?body=1" for 127.0.0.1 at 2014-08-19 16:23:40 +0900


Started GET "/assets/application.css?body=1" for 127.0.0.1 at 2014-08-19 16:23:40 +0900


Started GET "/assets/jquery_ujs.js?body=1" for 127.0.0.1 at 2014-08-19 16:23:40 +0900


Started GET "/assets/listpages.css?body=1" for 127.0.0.1 at 2014-08-19 16:23:40 +0900


Started GET "/assets/jquery.js?body=1" for 127.0.0.1 at 2014-08-19 16:23:40 +0900


Started GET "/assets/listpages.js?body=1" for 127.0.0.1 at 2014-08-19 16:23:40 +0900


Started GET "/assets/application.js?body=1" for 127.0.0.1 at 2014-08-19 16:23:40 +0900


Started GET "/listpages/show" for 127.0.0.1 at 2014-08-19 16:24:34 +0900
Processing by ListpagesController#show as HTML
  Parameters: {"id"=>"show"}
  [1m[36mListpage Load (0.3ms)[0m  [1mSELECT "listpages".* FROM "listpages" WHERE "listpages"."id" = ? LIMIT 1[0m  [["id", "show"]]
Completed 404 Not Found in 3ms

ActiveRecord::RecordNotFound (Couldn't find Listpage with id=show):
  app/controllers/listpages_controller.rb:67:in `set_listpage'


  Rendered /Users/kawasakikouji/.rvm/gems/ruby-2.0.0-p481@railstutorial_rails_4_0/gems/actionpack-4.0.5/lib/action_dispatch/middleware/templates/rescues/_source.erb (1.1ms)
  Rendered /Users/kawasakikouji/.rvm/gems/ruby-2.0.0-p481@railstutorial_rails_4_0/gems/actionpack-4.0.5/lib/action_dispatch/middleware/templates/rescues/_trace.erb (1.6ms)
  Rendered /Users/kawasakikouji/.rvm/gems/ruby-2.0.0-p481@railstutorial_rails_4_0/gems/actionpack-4.0.5/lib/action_dispatch/middleware/templates/rescues/_request_and_response.erb (0.9ms)
  Rendered /Users/kawasakikouji/.rvm/gems/ruby-2.0.0-p481@railstutorial_rails_4_0/gems/actionpack-4.0.5/lib/action_dispatch/middleware/templates/rescues/diagnostics.erb within rescues/layout (22.0ms)


Started GET "/route" for 127.0.0.1 at 2014-08-19 16:25:40 +0900

ActionController::RoutingError (No route matches [GET] "/route"):
  actionpack (4.0.5) lib/action_dispatch/middleware/debug_exceptions.rb:21:in `call'
  actionpack (4.0.5) lib/action_dispatch/middleware/show_exceptions.rb:30:in `call'
  railties (4.0.5) lib/rails/rack/logger.rb:38:in `call_app'
  railties (4.0.5) lib/rails/rack/logger.rb:20:in `block in call'
  activesupport (4.0.5) lib/active_support/tagged_logging.rb:68:in `block in tagged'
  activesupport (4.0.5) lib/active_support/tagged_logging.rb:26:in `tagged'
  activesupport (4.0.5) lib/active_support/tagged_logging.rb:68:in `tagged'
  railties (4.0.5) lib/rails/rack/logger.rb:20:in `call'
  actionpack (4.0.5) lib/action_dispatch/middleware/request_id.rb:21:in `call'
  rack (1.5.2) lib/rack/methodoverride.rb:21:in `call'
  rack (1.5.2) lib/rack/runtime.rb:17:in `call'
  activesupport (4.0.5) lib/active_support/cache/strategy/local_cache.rb:83:in `call'
  rack (1.5.2) lib/rack/lock.rb:17:in `call'
  actionpack (4.0.5) lib/action_dispatch/middleware/static.rb:64:in `call'
  rack (1.5.2) lib/rack/sendfile.rb:112:in `call'
  railties (4.0.5) lib/rails/engine.rb:511:in `call'
  railties (4.0.5) lib/rails/application.rb:97:in `call'
  rack (1.5.2) lib/rack/lock.rb:17:in `call'
  rack (1.5.2) lib/rack/content_length.rb:14:in `call'
  rack (1.5.2) lib/rack/handler/webrick.rb:60:in `service'
  /Users/kawasakikouji/.rvm/rubies/ruby-2.0.0-p481/lib/ruby/2.0.0/webrick/httpserver.rb:138:in `service'
  /Users/kawasakikouji/.rvm/rubies/ruby-2.0.0-p481/lib/ruby/2.0.0/webrick/httpserver.rb:94:in `run'
  /Users/kawasakikouji/.rvm/rubies/ruby-2.0.0-p481/lib/ruby/2.0.0/webrick/server.rb:295:in `block in start_thread'


  Rendered /Users/kawasakikouji/.rvm/gems/ruby-2.0.0-p481@railstutorial_rails_4_0/gems/actionpack-4.0.5/lib/action_dispatch/middleware/templates/rescues/_trace.erb (1.0ms)
  Rendered /Users/kawasakikouji/.rvm/gems/ruby-2.0.0-p481@railstutorial_rails_4_0/gems/actionpack-4.0.5/lib/action_dispatch/middleware/templates/routes/_route.html.erb (1.3ms)
  Rendered /Users/kawasakikouji/.rvm/gems/ruby-2.0.0-p481@railstutorial_rails_4_0/gems/actionpack-4.0.5/lib/action_dispatch/middleware/templates/routes/_table.html.erb (1.0ms)
  Rendered /Users/kawasakikouji/.rvm/gems/ruby-2.0.0-p481@railstutorial_rails_4_0/gems/actionpack-4.0.5/lib/action_dispatch/middleware/templates/rescues/routing_error.erb within rescues/layout (19.8ms)


Started GET "/listpages/show" for 127.0.0.1 at 2014-08-19 16:25:59 +0900
Processing by ListpagesController#show as HTML
  Parameters: {"id"=>"show"}
  [1m[35mListpage Load (0.2ms)[0m  SELECT "listpages".* FROM "listpages" WHERE "listpages"."id" = ? LIMIT 1  [["id", "show"]]
Completed 404 Not Found in 2ms

ActiveRecord::RecordNotFound (Couldn't find Listpage with id=show):
  app/controllers/listpages_controller.rb:67:in `set_listpage'


  Rendered /Users/kawasakikouji/.rvm/gems/ruby-2.0.0-p481@railstutorial_rails_4_0/gems/actionpack-4.0.5/lib/action_dispatch/middleware/templates/rescues/_source.erb (0.6ms)
  Rendered /Users/kawasakikouji/.rvm/gems/ruby-2.0.0-p481@railstutorial_rails_4_0/gems/actionpack-4.0.5/lib/action_dispatch/middleware/templates/rescues/_trace.erb (1.0ms)
  Rendered /Users/kawasakikouji/.rvm/gems/ruby-2.0.0-p481@railstutorial_rails_4_0/gems/actionpack-4.0.5/lib/action_dispatch/middleware/templates/rescues/_request_and_response.erb (0.8ms)
  Rendered /Users/kawasakikouji/.rvm/gems/ruby-2.0.0-p481@railstutorial_rails_4_0/gems/actionpack-4.0.5/lib/action_dispatch/middleware/templates/rescues/diagnostics.erb within rescues/layout (14.5ms)


Started GET "/listpages" for 127.0.0.1 at 2014-08-19 16:28:09 +0900
Processing by ListpagesController#index as HTML
  [1m[36mListpage Load (0.2ms)[0m  [1mSELECT "listpages".* FROM "listpages"[0m
  Rendered listpages/index.html.erb within layouts/application (3.4ms)
Completed 500 Internal Server Error in 6ms

ActionView::Template::Error (undefined method `url' for nil:NilClass):
    43: </table>
    44: 
    45: <%= p @listpages.name %>
    46: <%= @listpage.url %>
    47: 
    48: <br>
    49: 
  app/views/listpages/index.html.erb:46:in `_app_views_listpages_index_html_erb__2145906613107298364_70126545784500'


  Rendered /Users/kawasakikouji/.rvm/gems/ruby-2.0.0-p481@railstutorial_rails_4_0/gems/actionpack-4.0.5/lib/action_dispatch/middleware/templates/rescues/_trace.erb (1.2ms)
  Rendered /Users/kawasakikouji/.rvm/gems/ruby-2.0.0-p481@railstutorial_rails_4_0/gems/actionpack-4.0.5/lib/action_dispatch/middleware/templates/rescues/_request_and_response.erb (0.9ms)
  Rendered /Users/kawasakikouji/.rvm/gems/ruby-2.0.0-p481@railstutorial_rails_4_0/gems/actionpack-4.0.5/lib/action_dispatch/middleware/templates/rescues/template_error.erb within rescues/layout (10.5ms)


Started GET "/listpages" for 127.0.0.1 at 2014-08-19 16:28:19 +0900
Processing by ListpagesController#index as HTML
  [1m[35mListpage Load (0.2ms)[0m  SELECT "listpages".* FROM "listpages"
  Rendered listpages/index.html.erb within layouts/application (4.5ms)
Completed 500 Internal Server Error in 8ms

ActionView::Template::Error (undefined method `url' for #<ActiveRecord::Relation::ActiveRecord_Relation_Listpage:0x007f8f36862320>):
    43: </table>
    44: 
    45: <%= p @listpages.name %>
    46: <%= @listpages.url %>
    47: 
    48: <br>
    49: 
  app/views/listpages/index.html.erb:46:in `_app_views_listpages_index_html_erb__2145906613107298364_70126535902260'


  Rendered /Users/kawasakikouji/.rvm/gems/ruby-2.0.0-p481@railstutorial_rails_4_0/gems/actionpack-4.0.5/lib/action_dispatch/middleware/templates/rescues/_trace.erb (1.2ms)
  Rendered /Users/kawasakikouji/.rvm/gems/ruby-2.0.0-p481@railstutorial_rails_4_0/gems/actionpack-4.0.5/lib/action_dispatch/middleware/templates/rescues/_request_and_response.erb (1.4ms)
  Rendered /Users/kawasakikouji/.rvm/gems/ruby-2.0.0-p481@railstutorial_rails_4_0/gems/actionpack-4.0.5/lib/action_dispatch/middleware/templates/rescues/template_error.erb within rescues/layout (13.9ms)


Started GET "/listpages" for 127.0.0.1 at 2014-08-19 16:28:27 +0900
Processing by ListpagesController#index as HTML
  [1m[36mListpage Load (0.2ms)[0m  [1mSELECT "listpages".* FROM "listpages"[0m
  Rendered listpages/index.html.erb within layouts/application (3.9ms)
Completed 500 Internal Server Error in 7ms

ActionView::Template::Error (undefined method `url' for #<ActiveRecord::Relation::ActiveRecord_Relation_Listpage:0x007f8f34ae2188>):
    43: </table>
    44: 
    45: <%= p @listpages.name %>
    46: <%= p @listpages.url %>
    47: 
    48: <br>
    49: 
  app/views/listpages/index.html.erb:46:in `_app_views_listpages_index_html_erb__2145906613107298364_70126544213920'


  Rendered /Users/kawasakikouji/.rvm/gems/ruby-2.0.0-p481@railstutorial_rails_4_0/gems/actionpack-4.0.5/lib/action_dispatch/middleware/templates/rescues/_trace.erb (1.0ms)
  Rendered /Users/kawasakikouji/.rvm/gems/ruby-2.0.0-p481@railstutorial_rails_4_0/gems/actionpack-4.0.5/lib/action_dispatch/middleware/templates/rescues/_request_and_response.erb (0.8ms)
  Rendered /Users/kawasakikouji/.rvm/gems/ruby-2.0.0-p481@railstutorial_rails_4_0/gems/actionpack-4.0.5/lib/action_dispatch/middleware/templates/rescues/template_error.erb within rescues/layout (39.6ms)


Started GET "/listpages" for 127.0.0.1 at 2014-08-19 16:28:50 +0900
Processing by ListpagesController#index as HTML
  [1m[35mListpage Load (0.2ms)[0m  SELECT "listpages".* FROM "listpages"
  Rendered listpages/index.html.erb within layouts/application (4.1ms)
Completed 500 Internal Server Error in 8ms

ActionView::Template::Error (undefined method `url' for #<ActiveRecord::Relation::ActiveRecord_Relation_Listpage:0x007f8f34652ca8>):
    43: </table>
    44: 
    45: <%= p @listpages.name %>
    46: <%= p @listpages.url %>
    47: 
    48: <br>
    49: 
  app/views/listpages/index.html.erb:46:in `_app_views_listpages_index_html_erb__2145906613107298364_70126544213920'


  Rendered /Users/kawasakikouji/.rvm/gems/ruby-2.0.0-p481@railstutorial_rails_4_0/gems/actionpack-4.0.5/lib/action_dispatch/middleware/templates/rescues/_trace.erb (1.0ms)
  Rendered /Users/kawasakikouji/.rvm/gems/ruby-2.0.0-p481@railstutorial_rails_4_0/gems/actionpack-4.0.5/lib/action_dispatch/middleware/templates/rescues/_request_and_response.erb (0.8ms)
  Rendered /Users/kawasakikouji/.rvm/gems/ruby-2.0.0-p481@railstutorial_rails_4_0/gems/actionpack-4.0.5/lib/action_dispatch/middleware/templates/rescues/template_error.erb within rescues/layout (10.1ms)


Started GET "/listpages" for 127.0.0.1 at 2014-08-19 16:28:56 +0900
Processing by ListpagesController#index as HTML
  [1m[36mListpage Load (0.2ms)[0m  [1mSELECT "listpages".* FROM "listpages"[0m
  Rendered listpages/index.html.erb within layouts/application (2.5ms)
Completed 200 OK in 8ms (Views: 6.7ms | ActiveRecord: 0.2ms)


Started GET "/assets/scaffolds.css?body=1" for 127.0.0.1 at 2014-08-19 16:28:56 +0900


Started GET "/assets/listpages.css?body=1" for 127.0.0.1 at 2014-08-19 16:28:56 +0900


Started GET "/assets/turbolinks.js?body=1" for 127.0.0.1 at 2014-08-19 16:28:56 +0900


Started GET "/assets/application.css?body=1" for 127.0.0.1 at 2014-08-19 16:28:56 +0900


Started GET "/assets/jquery_ujs.js?body=1" for 127.0.0.1 at 2014-08-19 16:28:56 +0900


Started GET "/assets/jquery.js?body=1" for 127.0.0.1 at 2014-08-19 16:28:56 +0900


Started GET "/assets/listpages.js?body=1" for 127.0.0.1 at 2014-08-19 16:28:56 +0900


Started GET "/assets/application.js?body=1" for 127.0.0.1 at 2014-08-19 16:28:56 +0900


Started GET "/listpages" for 127.0.0.1 at 2014-08-19 16:44:55 +0900
  [1m[36mActiveRecord::SchemaMigration Load (0.1ms)[0m  [1mSELECT "schema_migrations".* FROM "schema_migrations"[0m
Processing by ListpagesController#index as HTML
  [1m[35mListpage Load (0.2ms)[0m  SELECT "listpages".* FROM "listpages"
  Rendered listpages/index.html.erb within layouts/application (17.4ms)
Completed 200 OK in 99ms (Views: 88.5ms | ActiveRecord: 0.4ms)


Started GET "/assets/listpages.css?body=1" for 127.0.0.1 at 2014-08-19 16:44:55 +0900


Started GET "/assets/turbolinks.js?body=1" for 127.0.0.1 at 2014-08-19 16:44:55 +0900


Started GET "/assets/application.css?body=1" for 127.0.0.1 at 2014-08-19 16:44:55 +0900


Started GET "/assets/jquery.js?body=1" for 127.0.0.1 at 2014-08-19 16:44:55 +0900


Started GET "/assets/jquery_ujs.js?body=1" for 127.0.0.1 at 2014-08-19 16:44:55 +0900


Started GET "/assets/scaffolds.css?body=1" for 127.0.0.1 at 2014-08-19 16:44:55 +0900


Started GET "/assets/listpages.js?body=1" for 127.0.0.1 at 2014-08-19 16:44:55 +0900


Started GET "/assets/application.js?body=1" for 127.0.0.1 at 2014-08-19 16:44:55 +0900


Started GET "/listpages" for 127.0.0.1 at 2014-08-19 16:45:28 +0900
Processing by ListpagesController#index as HTML
  [1m[36mListpage Load (0.2ms)[0m  [1mSELECT "listpages".* FROM "listpages"[0m
  Rendered listpages/index.html.erb within layouts/application (2.7ms)
Completed 200 OK in 7ms (Views: 6.6ms | ActiveRecord: 0.2ms)


Started GET "/assets/application.css?body=1" for 127.0.0.1 at 2014-08-19 16:45:28 +0900


Started GET "/assets/jquery_ujs.js?body=1" for 127.0.0.1 at 2014-08-19 16:45:28 +0900


Started GET "/assets/scaffolds.css?body=1" for 127.0.0.1 at 2014-08-19 16:45:28 +0900


Started GET "/assets/listpages.css?body=1" for 127.0.0.1 at 2014-08-19 16:45:28 +0900


Started GET "/assets/jquery.js?body=1" for 127.0.0.1 at 2014-08-19 16:45:28 +0900


Started GET "/assets/turbolinks.js?body=1" for 127.0.0.1 at 2014-08-19 16:45:28 +0900


Started GET "/assets/listpages.js?body=1" for 127.0.0.1 at 2014-08-19 16:45:28 +0900


Started GET "/assets/application.js?body=1" for 127.0.0.1 at 2014-08-19 16:45:28 +0900


Started GET "/listpages" for 127.0.0.1 at 2014-08-19 16:45:58 +0900
Processing by ListpagesController#index as HTML
  [1m[35mListpage Load (0.2ms)[0m  SELECT "listpages".* FROM "listpages"
  Rendered listpages/index.html.erb within layouts/application (2.5ms)
Completed 200 OK in 8ms (Views: 7.6ms | ActiveRecord: 0.2ms)


Started GET "/assets/application.css?body=1" for 127.0.0.1 at 2014-08-19 16:45:58 +0900


Started GET "/assets/listpages.css?body=1" for 127.0.0.1 at 2014-08-19 16:45:58 +0900


Started GET "/assets/jquery_ujs.js?body=1" for 127.0.0.1 at 2014-08-19 16:45:58 +0900


Started GET "/assets/scaffolds.css?body=1" for 127.0.0.1 at 2014-08-19 16:45:58 +0900


Started GET "/assets/jquery.js?body=1" for 127.0.0.1 at 2014-08-19 16:45:58 +0900


Started GET "/assets/turbolinks.js?body=1" for 127.0.0.1 at 2014-08-19 16:45:58 +0900


Started GET "/assets/application.js?body=1" for 127.0.0.1 at 2014-08-19 16:45:58 +0900


Started GET "/assets/listpages.js?body=1" for 127.0.0.1 at 2014-08-19 16:45:58 +0900


Started GET "/listpages" for 127.0.0.1 at 2014-08-19 16:47:15 +0900
Processing by ListpagesController#index as HTML
  [1m[36mListpage Load (0.2ms)[0m  [1mSELECT "listpages".* FROM "listpages"[0m
  Rendered listpages/index.html.erb within layouts/application (27.6ms)
Completed 200 OK in 34ms (Views: 32.9ms | ActiveRecord: 0.2ms)


Started GET "/assets/listpages.css?body=1" for 127.0.0.1 at 2014-08-19 16:47:15 +0900


Started GET "/assets/jquery.js?body=1" for 127.0.0.1 at 2014-08-19 16:47:15 +0900


Started GET "/assets/application.css?body=1" for 127.0.0.1 at 2014-08-19 16:47:15 +0900


Started GET "/assets/scaffolds.css?body=1" for 127.0.0.1 at 2014-08-19 16:47:15 +0900


Started GET "/assets/turbolinks.js?body=1" for 127.0.0.1 at 2014-08-19 16:47:15 +0900


Started GET "/assets/jquery_ujs.js?body=1" for 127.0.0.1 at 2014-08-19 16:47:15 +0900


Started GET "/assets/listpages.js?body=1" for 127.0.0.1 at 2014-08-19 16:47:15 +0900


Started GET "/assets/application.js?body=1" for 127.0.0.1 at 2014-08-19 16:47:15 +0900


Started GET "/listpages" for 127.0.0.1 at 2014-08-19 16:47:46 +0900
Processing by ListpagesController#index as HTML
  [1m[35mListpage Load (0.2ms)[0m  SELECT "listpages".* FROM "listpages"
  Rendered listpages/index.html.erb within layouts/application (2.4ms)
Completed 200 OK in 7ms (Views: 6.3ms | ActiveRecord: 0.2ms)


Started GET "/assets/listpages.css?body=1" for 127.0.0.1 at 2014-08-19 16:47:46 +0900


Started GET "/assets/application.css?body=1" for 127.0.0.1 at 2014-08-19 16:47:46 +0900


Started GET "/assets/scaffolds.css?body=1" for 127.0.0.1 at 2014-08-19 16:47:46 +0900


Started GET "/assets/listpages.js?body=1" for 127.0.0.1 at 2014-08-19 16:47:46 +0900


Started GET "/assets/jquery.js?body=1" for 127.0.0.1 at 2014-08-19 16:47:46 +0900


Started GET "/assets/turbolinks.js?body=1" for 127.0.0.1 at 2014-08-19 16:47:46 +0900


Started GET "/assets/jquery_ujs.js?body=1" for 127.0.0.1 at 2014-08-19 16:47:46 +0900


Started GET "/assets/application.js?body=1" for 127.0.0.1 at 2014-08-19 16:47:46 +0900


Started GET "/listpages" for 127.0.0.1 at 2014-08-19 16:47:49 +0900
Processing by ListpagesController#index as HTML
  [1m[36mListpage Load (0.1ms)[0m  [1mSELECT "listpages".* FROM "listpages"[0m
  Rendered listpages/index.html.erb within layouts/application (1.3ms)
Completed 200 OK in 6ms (Views: 4.8ms | ActiveRecord: 0.1ms)


Started GET "/assets/application.css?body=1" for 127.0.0.1 at 2014-08-19 16:47:49 +0900


Started GET "/assets/jquery_ujs.js?body=1" for 127.0.0.1 at 2014-08-19 16:47:49 +0900


Started GET "/assets/scaffolds.css?body=1" for 127.0.0.1 at 2014-08-19 16:47:49 +0900


Started GET "/assets/jquery.js?body=1" for 127.0.0.1 at 2014-08-19 16:47:49 +0900


Started GET "/assets/turbolinks.js?body=1" for 127.0.0.1 at 2014-08-19 16:47:49 +0900


Started GET "/assets/listpages.css?body=1" for 127.0.0.1 at 2014-08-19 16:47:49 +0900


Started GET "/assets/listpages.js?body=1" for 127.0.0.1 at 2014-08-19 16:47:49 +0900


Started GET "/assets/application.js?body=1" for 127.0.0.1 at 2014-08-19 16:47:49 +0900


Started GET "/listpages" for 127.0.0.1 at 2014-08-19 16:48:06 +0900
Processing by ListpagesController#index as HTML
  [1m[35mListpage Load (0.2ms)[0m  SELECT "listpages".* FROM "listpages"
  Rendered listpages/index.html.erb within layouts/application (2.8ms)
Completed 200 OK in 8ms (Views: 6.7ms | ActiveRecord: 0.2ms)


Started GET "/assets/listpages.css?body=1" for 127.0.0.1 at 2014-08-19 16:48:06 +0900


Started GET "/assets/turbolinks.js?body=1" for 127.0.0.1 at 2014-08-19 16:48:06 +0900


Started GET "/assets/jquery.js?body=1" for 127.0.0.1 at 2014-08-19 16:48:06 +0900


Started GET "/assets/application.css?body=1" for 127.0.0.1 at 2014-08-19 16:48:06 +0900


Started GET "/assets/scaffolds.css?body=1" for 127.0.0.1 at 2014-08-19 16:48:06 +0900


Started GET "/assets/jquery_ujs.js?body=1" for 127.0.0.1 at 2014-08-19 16:48:06 +0900


Started GET "/assets/listpages.js?body=1" for 127.0.0.1 at 2014-08-19 16:48:06 +0900


Started GET "/assets/application.js?body=1" for 127.0.0.1 at 2014-08-19 16:48:06 +0900


Started GET "/listpages" for 127.0.0.1 at 2014-08-19 16:48:30 +0900
Processing by ListpagesController#index as HTML
  [1m[36mListpage Load (0.2ms)[0m  [1mSELECT "listpages".* FROM "listpages"[0m
  Rendered listpages/index.html.erb within layouts/application (2.5ms)
Completed 200 OK in 40ms (Views: 39.2ms | ActiveRecord: 0.2ms)


Started GET "/assets/listpages.css?body=1" for 127.0.0.1 at 2014-08-19 16:48:30 +0900


Started GET "/assets/application.css?body=1" for 127.0.0.1 at 2014-08-19 16:48:30 +0900


Started GET "/assets/jquery_ujs.js?body=1" for 127.0.0.1 at 2014-08-19 16:48:30 +0900


Started GET "/assets/jquery.js?body=1" for 127.0.0.1 at 2014-08-19 16:48:30 +0900


Started GET "/assets/scaffolds.css?body=1" for 127.0.0.1 at 2014-08-19 16:48:30 +0900


Started GET "/assets/turbolinks.js?body=1" for 127.0.0.1 at 2014-08-19 16:48:30 +0900


Started GET "/assets/listpages.js?body=1" for 127.0.0.1 at 2014-08-19 16:48:30 +0900


Started GET "/assets/application.js?body=1" for 127.0.0.1 at 2014-08-19 16:48:30 +0900


Started GET "/listpages/new" for 127.0.0.1 at 2014-08-19 16:48:51 +0900
Processing by ListpagesController#new as HTML
  Rendered listpages/_form.html.erb (24.2ms)
  Rendered listpages/new.html.erb within layouts/application (29.0ms)
Completed 200 OK in 35ms (Views: 34.5ms | ActiveRecord: 0.0ms)


Started GET "/assets/scaffolds.css?body=1" for 127.0.0.1 at 2014-08-19 16:48:51 +0900


Started GET "/assets/listpages.css?body=1" for 127.0.0.1 at 2014-08-19 16:48:51 +0900


Started GET "/assets/application.css?body=1" for 127.0.0.1 at 2014-08-19 16:48:51 +0900


Started GET "/assets/jquery_ujs.js?body=1" for 127.0.0.1 at 2014-08-19 16:48:51 +0900


Started GET "/assets/jquery.js?body=1" for 127.0.0.1 at 2014-08-19 16:48:51 +0900


Started GET "/assets/turbolinks.js?body=1" for 127.0.0.1 at 2014-08-19 16:48:51 +0900


Started GET "/assets/listpages.js?body=1" for 127.0.0.1 at 2014-08-19 16:48:51 +0900


Started GET "/assets/application.js?body=1" for 127.0.0.1 at 2014-08-19 16:48:51 +0900


Started POST "/listpages" for 127.0.0.1 at 2014-08-19 16:50:42 +0900
Processing by ListpagesController#create as HTML
  Parameters: {"utf8"=>"✓", "authenticity_token"=>"DQuBDZxwrlAXwSggcoOYPz9ZaRdBoSm+9b/HVqi1QKk=", "listpage"=>{"name"=>"生活雑貨", "url"=>"http://present.cocomo.to/search/c1=2", "paging_parameter"=>"page=", "paging_max"=>"25", "paging_add"=>"1", "link_get_tag"=>"div", "link_get_attribute"=>"a", "link_get_value"=>"href", "keyword"=>"", "details_pages"=>"", "csvname"=>""}, "commit"=>"Create Listpage"}
  [1m[35m (0.2ms)[0m  begin transaction
  [1m[36mSQL (5.4ms)[0m  [1mINSERT INTO "listpages" ("created_at", "csvname", "details_pages", "keyword", "link_get_attribute", "link_get_tag", "link_get_value", "name", "paging_add", "paging_max", "paging_parameter", "updated_at", "url") VALUES (?, ?, ?, ?, ?, ?, ?, ?, ?, ?, ?, ?, ?)[0m  [["created_at", Tue, 19 Aug 2014 07:50:42 UTC +00:00], ["csvname", ""], ["details_pages", ""], ["keyword", ""], ["link_get_attribute", "a"], ["link_get_tag", "div"], ["link_get_value", "href"], ["name", "生活雑貨"], ["paging_add", 1], ["paging_max", 25], ["paging_parameter", "page="], ["updated_at", Tue, 19 Aug 2014 07:50:42 UTC +00:00], ["url", "http://present.cocomo.to/search/c1=2"]]
  [1m[35m (0.9ms)[0m  commit transaction
Redirected to http://localhost:3000/listpages/2
Completed 302 Found in 13ms (ActiveRecord: 6.5ms)


Started GET "/listpages/2" for 127.0.0.1 at 2014-08-19 16:50:42 +0900
Processing by ListpagesController#show as HTML
  Parameters: {"id"=>"2"}
  [1m[36mListpage Load (0.3ms)[0m  [1mSELECT "listpages".* FROM "listpages" WHERE "listpages"."id" = ? LIMIT 1[0m  [["id", "2"]]
  Rendered listpages/show.html.erb within layouts/application (1.3ms)
Completed 200 OK in 8ms (Views: 5.7ms | ActiveRecord: 0.3ms)


Started GET "/assets/application.css?body=1" for 127.0.0.1 at 2014-08-19 16:50:42 +0900


Started GET "/assets/scaffolds.css?body=1" for 127.0.0.1 at 2014-08-19 16:50:42 +0900


Started GET "/assets/jquery.js?body=1" for 127.0.0.1 at 2014-08-19 16:50:42 +0900


Started GET "/assets/turbolinks.js?body=1" for 127.0.0.1 at 2014-08-19 16:50:42 +0900


Started GET "/assets/listpages.css?body=1" for 127.0.0.1 at 2014-08-19 16:50:42 +0900


Started GET "/assets/jquery_ujs.js?body=1" for 127.0.0.1 at 2014-08-19 16:50:42 +0900


Started GET "/assets/listpages.js?body=1" for 127.0.0.1 at 2014-08-19 16:50:42 +0900


Started GET "/assets/application.js?body=1" for 127.0.0.1 at 2014-08-19 16:50:42 +0900


Started GET "/listpages" for 127.0.0.1 at 2014-08-19 16:50:45 +0900
Processing by ListpagesController#index as HTML
  [1m[35mListpage Load (0.2ms)[0m  SELECT "listpages".* FROM "listpages"
  Rendered listpages/index.html.erb within layouts/application (4.0ms)
Completed 200 OK in 13ms (Views: 11.4ms | ActiveRecord: 0.2ms)
  [1m[36mListpage Load (3.4ms)[0m  [1mSELECT "listpages".* FROM "listpages"[0m
  [1m[35mListpage Load (0.2ms)[0m  SELECT "listpages".* FROM "listpages" ORDER BY "listpages"."id" ASC LIMIT 1
  [1m[36mListpage Load (0.2ms)[0m  [1mSELECT "listpages".* FROM "listpages" ORDER BY "listpages"."id" ASC LIMIT 1[0m
  [1m[36mActiveRecord::SchemaMigration Load (0.6ms)[0m  [1mSELECT "schema_migrations".* FROM "schema_migrations"[0m
